{"level":"info","message":"Server started on url http://localhost:5050","timestamp":"2021-05-15T05:30:38.887Z"}
{"level":"info","message":"Database connected..","timestamp":"2021-05-15T05:30:40.061Z"}
{"level":"info","message":"Server started on url http://localhost:5050","timestamp":"2021-05-15T05:37:19.209Z"}
{"level":"info","message":"Database connected..","timestamp":"2021-05-15T05:37:21.227Z"}
{"level":"info","message":"Server started on url http://localhost:5050","timestamp":"2021-05-15T05:39:01.875Z"}
{"level":"info","message":"Database connected..","timestamp":"2021-05-15T05:39:02.927Z"}
{"level":"info","message":"Server started on url http://localhost:5050","timestamp":"2021-05-15T05:41:57.788Z"}
{"level":"info","message":"Database connected..","timestamp":"2021-05-15T05:41:58.394Z"}
{"level":"info","message":"Server started on url http://localhost:5050","timestamp":"2021-05-15T05:42:01.796Z"}
{"level":"info","message":"Database connected..","timestamp":"2021-05-15T05:42:02.649Z"}
{"level":"info","message":"Server started on url http://localhost:5050","timestamp":"2021-05-15T05:45:50.441Z"}
{"level":"info","message":"Database connected..","timestamp":"2021-05-15T05:45:51.167Z"}
{"level":"info","message":"Server started on url http://localhost:5050","timestamp":"2021-05-15T06:06:28.104Z"}
{"level":"info","message":"Database connected..","timestamp":"2021-05-15T06:06:29.040Z"}
{"level":"info","message":"Server started on url http://localhost:5050","timestamp":"2021-05-15T06:06:52.162Z"}
{"level":"info","message":"Database connected..","timestamp":"2021-05-15T06:06:52.897Z"}
{"level":"info","message":"Server started on url http://localhost:5050","timestamp":"2021-05-15T06:07:52.341Z"}
{"level":"info","message":"Database connected..","timestamp":"2021-05-15T06:07:53.189Z"}
{"level":"info","message":"Server started on url http://localhost:5050","timestamp":"2021-05-15T06:08:15.183Z"}
{"level":"info","message":"Database connected..","timestamp":"2021-05-15T06:08:16.192Z"}
{"level":"info","message":"Server started on url http://localhost:5050","timestamp":"2021-05-15T06:08:48.559Z"}
{"level":"info","message":"Database connected..","timestamp":"2021-05-15T06:08:49.485Z"}
{"level":"info","message":"Server started on url http://localhost:5050","timestamp":"2021-05-15T06:14:21.035Z"}
{"level":"info","message":"Database connected..","timestamp":"2021-05-15T06:14:22.292Z"}
{"message":"Task validation failed: completed: Path `completed` is required.","stack":"ValidationError: Task validation failed: completed: Path `completed` is required.\n    at model.Document.invalidate (/Users/silicontechlab/Documents/Gajanan/node-js/nodeauthjwt/node_modules/mongoose/lib/document.js:2725:32)\n    at /Users/silicontechlab/Documents/Gajanan/node-js/nodeauthjwt/node_modules/mongoose/lib/document.js:2540:17\n    at /Users/silicontechlab/Documents/Gajanan/node-js/nodeauthjwt/node_modules/mongoose/lib/schematype.js:1256:9\n    at processTicksAndRejections (internal/process/task_queues.js:75:11)","errors":{"completed":{"name":"ValidatorError","message":"Path `completed` is required.","properties":{"message":"Path `completed` is required.","type":"required","path":"completed"},"kind":"required","path":"completed"}},"_message":"Task validation failed","level":"error","timestamp":"2021-05-15T06:14:40.389Z"}
{"level":"info","message":"Server started on url http://localhost:5050","timestamp":"2021-05-15T06:15:40.076Z"}
{"level":"info","message":"Database connected..","timestamp":"2021-05-15T06:15:40.959Z"}
{"level":"info","message":"Server started on url http://localhost:5050","timestamp":"2021-05-15T06:16:17.961Z"}
{"level":"info","message":"Database connected..","timestamp":"2021-05-15T06:16:18.998Z"}
{"level":"info","message":"Server started on url http://localhost:5050","timestamp":"2021-05-15T06:16:20.625Z"}
{"level":"info","message":"Database connected..","timestamp":"2021-05-15T06:16:21.363Z"}
{"message":"Task validation failed: completed: Path `completed` is required.","stack":"ValidationError: Task validation failed: completed: Path `completed` is required.\n    at model.Document.invalidate (/Users/silicontechlab/Documents/Gajanan/node-js/nodeauthjwt/node_modules/mongoose/lib/document.js:2725:32)\n    at /Users/silicontechlab/Documents/Gajanan/node-js/nodeauthjwt/node_modules/mongoose/lib/document.js:2540:17\n    at /Users/silicontechlab/Documents/Gajanan/node-js/nodeauthjwt/node_modules/mongoose/lib/schematype.js:1256:9\n    at processTicksAndRejections (internal/process/task_queues.js:75:11)","errors":{"completed":{"name":"ValidatorError","message":"Path `completed` is required.","properties":{"message":"Path `completed` is required.","type":"required","path":"completed"},"kind":"required","path":"completed"}},"_message":"Task validation failed","level":"error","timestamp":"2021-05-15T06:16:30.187Z"}
{"level":"info","message":"Server started on url http://localhost:5050","timestamp":"2021-05-15T06:16:41.117Z"}
{"level":"info","message":"Database connected..","timestamp":"2021-05-15T06:16:42.267Z"}
{"level":"info","message":"Server started on url http://localhost:5050","timestamp":"2021-05-15T06:17:03.668Z"}
{"level":"info","message":"Database connected..","timestamp":"2021-05-15T06:17:04.731Z"}
{"level":"info","message":"Server started on url http://localhost:5050","timestamp":"2021-05-15T06:17:06.601Z"}
{"level":"info","message":"Database connected..","timestamp":"2021-05-15T06:17:07.663Z"}
{"message":"Task validation failed: completed: Path `completed` is required.","stack":"ValidationError: Task validation failed: completed: Path `completed` is required.\n    at model.Document.invalidate (/Users/silicontechlab/Documents/Gajanan/node-js/nodeauthjwt/node_modules/mongoose/lib/document.js:2725:32)\n    at /Users/silicontechlab/Documents/Gajanan/node-js/nodeauthjwt/node_modules/mongoose/lib/document.js:2540:17\n    at /Users/silicontechlab/Documents/Gajanan/node-js/nodeauthjwt/node_modules/mongoose/lib/schematype.js:1256:9\n    at processTicksAndRejections (internal/process/task_queues.js:75:11)","errors":{"completed":{"name":"ValidatorError","message":"Path `completed` is required.","properties":{"message":"Path `completed` is required.","type":"required","path":"completed"},"kind":"required","path":"completed"}},"_message":"Task validation failed","level":"error","timestamp":"2021-05-15T06:17:27.867Z"}
{"level":"info","message":"Server started on url http://localhost:5050","timestamp":"2021-05-15T06:20:49.934Z"}
{"level":"info","message":"Database connected..","timestamp":"2021-05-15T06:20:50.717Z"}
{"level":"info","message":"Server started on url http://localhost:5050","timestamp":"2021-05-15T06:27:19.444Z"}
{"level":"info","message":"Database connected..","timestamp":"2021-05-15T06:27:20.369Z"}
{"level":"info","message":"Server started on url http://localhost:5050","timestamp":"2021-05-15T06:27:27.376Z"}
{"level":"info","message":"Database connected..","timestamp":"2021-05-15T06:27:28.044Z"}
{"level":"info","message":"Server started on url http://localhost:5050","timestamp":"2021-05-15T06:27:57.079Z"}
{"level":"info","message":"Database connected..","timestamp":"2021-05-15T06:27:57.784Z"}
{"level":"info","message":"Server started on url http://localhost:5050","timestamp":"2021-05-15T06:29:42.445Z"}
{"level":"info","message":"Database connected..","timestamp":"2021-05-15T06:29:53.273Z"}
{"level":"info","message":"Server started on url http://localhost:5050","timestamp":"2021-05-15T06:30:10.288Z"}
{"level":"info","message":"Server started on url http://localhost:5050","timestamp":"2021-05-15T06:30:43.756Z"}
{"level":"info","message":"Database connected..","timestamp":"2021-05-15T06:30:45.234Z"}
{"level":"info","message":"Server started on url http://localhost:5050","timestamp":"2021-05-15T06:31:03.106Z"}
{"level":"info","message":"Database connected..","timestamp":"2021-05-15T06:31:04.291Z"}
{"level":"info","message":"Server started on url http://localhost:5050","timestamp":"2021-05-15T06:34:14.948Z"}
{"level":"info","message":"Database connected..","timestamp":"2021-05-15T06:34:16.280Z"}
{"level":"info","message":"Server started on url http://localhost:5050","timestamp":"2021-05-15T06:34:18.604Z"}
{"level":"info","message":"Database connected..","timestamp":"2021-05-15T06:34:20.328Z"}
{"level":"info","message":"Server started on url http://localhost:5050","timestamp":"2021-05-15T06:39:00.704Z"}
{"level":"info","message":"Database connected..","timestamp":"2021-05-15T06:39:02.506Z"}
{"level":"info","message":"Server started on url http://localhost:5050","timestamp":"2021-05-15T06:39:59.733Z"}
{"level":"info","message":"Database connected..","timestamp":"2021-05-15T06:40:00.914Z"}
{"level":"info","message":"Server started on url http://localhost:5050","timestamp":"2021-05-15T12:49:09.142Z"}
{"message":"Could not connect to any servers in your MongoDB Atlas cluster. One common reason is that you're trying to access the database from an IP that isn't whitelisted. Make sure your current IP address is on your Atlas cluster's IP whitelist: https://docs.atlas.mongodb.com/security-whitelist/","stack":"MongooseServerSelectionError: Could not connect to any servers in your MongoDB Atlas cluster. One common reason is that you're trying to access the database from an IP that isn't whitelisted. Make sure your current IP address is on your Atlas cluster's IP whitelist: https://docs.atlas.mongodb.com/security-whitelist/\n    at NativeConnection.Connection.openUri (/Users/silicontechlab/Documents/Gajanan/node-js/nodeauthjwt/node_modules/mongoose/lib/connection.js:846:32)\n    at /Users/silicontechlab/Documents/Gajanan/node-js/nodeauthjwt/node_modules/mongoose/lib/index.js:351:10\n    at /Users/silicontechlab/Documents/Gajanan/node-js/nodeauthjwt/node_modules/mongoose/lib/helpers/promiseOrCallback.js:31:5\n    at new Promise (<anonymous>)\n    at promiseOrCallback (/Users/silicontechlab/Documents/Gajanan/node-js/nodeauthjwt/node_modules/mongoose/lib/helpers/promiseOrCallback.js:30:10)\n    at Mongoose._promiseOrCallback (/Users/silicontechlab/Documents/Gajanan/node-js/nodeauthjwt/node_modules/mongoose/lib/index.js:1149:10)\n    at Mongoose.connect (/Users/silicontechlab/Documents/Gajanan/node-js/nodeauthjwt/node_modules/mongoose/lib/index.js:350:20)\n    at module.exports (/Users/silicontechlab/Documents/Gajanan/node-js/nodeauthjwt/bootstrap/database.js:7:14)\n    at Object.<anonymous> (/Users/silicontechlab/Documents/Gajanan/node-js/nodeauthjwt/app.js:17:32)\n    at Module._compile (internal/modules/cjs/loader.js:1063:30)\n    at Object.Module._extensions..js (internal/modules/cjs/loader.js:1092:10)\n    at Module.load (internal/modules/cjs/loader.js:928:32)\n    at Function.Module._load (internal/modules/cjs/loader.js:769:14)\n    at Function.executeUserEntryPoint [as runMain] (internal/modules/run_main.js:72:12)\n    at internal/main/run_main_module.js:17:47","reason":{"type":"ReplicaSetNoPrimary","setName":null,"maxSetVersion":null,"maxElectionId":null,"servers":{},"stale":false,"compatible":true,"compatibilityError":null,"logicalSessionTimeoutMinutes":null,"heartbeatFrequencyMS":10000,"localThresholdMS":15,"commonWireVersion":null},"level":"error","timestamp":"2021-05-15T12:49:39.525Z"}
{"level":"info","message":"Server started on url http://localhost:5050","timestamp":"2021-05-15T12:51:50.611Z"}
{"level":"info","message":"Server started on url http://localhost:5050","timestamp":"2021-05-15T12:51:57.429Z"}
{"message":"Could not connect to any servers in your MongoDB Atlas cluster. One common reason is that you're trying to access the database from an IP that isn't whitelisted. Make sure your current IP address is on your Atlas cluster's IP whitelist: https://docs.atlas.mongodb.com/security-whitelist/","stack":"MongooseServerSelectionError: Could not connect to any servers in your MongoDB Atlas cluster. One common reason is that you're trying to access the database from an IP that isn't whitelisted. Make sure your current IP address is on your Atlas cluster's IP whitelist: https://docs.atlas.mongodb.com/security-whitelist/\n    at NativeConnection.Connection.openUri (/Users/silicontechlab/Documents/Gajanan/node-js/nodeauthjwt/node_modules/mongoose/lib/connection.js:846:32)\n    at /Users/silicontechlab/Documents/Gajanan/node-js/nodeauthjwt/node_modules/mongoose/lib/index.js:351:10\n    at /Users/silicontechlab/Documents/Gajanan/node-js/nodeauthjwt/node_modules/mongoose/lib/helpers/promiseOrCallback.js:31:5\n    at new Promise (<anonymous>)\n    at promiseOrCallback (/Users/silicontechlab/Documents/Gajanan/node-js/nodeauthjwt/node_modules/mongoose/lib/helpers/promiseOrCallback.js:30:10)\n    at Mongoose._promiseOrCallback (/Users/silicontechlab/Documents/Gajanan/node-js/nodeauthjwt/node_modules/mongoose/lib/index.js:1149:10)\n    at Mongoose.connect (/Users/silicontechlab/Documents/Gajanan/node-js/nodeauthjwt/node_modules/mongoose/lib/index.js:350:20)\n    at module.exports (/Users/silicontechlab/Documents/Gajanan/node-js/nodeauthjwt/bootstrap/database.js:7:14)\n    at Object.<anonymous> (/Users/silicontechlab/Documents/Gajanan/node-js/nodeauthjwt/app.js:17:32)\n    at Module._compile (internal/modules/cjs/loader.js:1063:30)\n    at Object.Module._extensions..js (internal/modules/cjs/loader.js:1092:10)\n    at Module.load (internal/modules/cjs/loader.js:928:32)\n    at Function.Module._load (internal/modules/cjs/loader.js:769:14)\n    at Function.executeUserEntryPoint [as runMain] (internal/modules/run_main.js:72:12)\n    at internal/main/run_main_module.js:17:47","reason":{"type":"ReplicaSetNoPrimary","setName":null,"maxSetVersion":null,"maxElectionId":null,"servers":{},"stale":false,"compatible":true,"compatibilityError":null,"logicalSessionTimeoutMinutes":null,"heartbeatFrequencyMS":10000,"localThresholdMS":15,"commonWireVersion":null},"level":"error","timestamp":"2021-05-15T12:52:27.588Z"}
{"level":"info","message":"Server started on url http://localhost:5050","timestamp":"2021-05-15T12:54:19.815Z"}
{"level":"info","message":"Server started on url http://localhost:5050","timestamp":"2021-05-15T12:55:43.674Z"}
{"message":"Operation `users.findOne()` buffering timed out after 10000ms","stack":"MongooseError: Operation `users.findOne()` buffering timed out after 10000ms\n    at Timeout.<anonymous> (/Users/silicontechlab/Documents/Gajanan/node-js/nodeauthjwt/node_modules/mongoose/lib/drivers/node-mongodb-native/collection.js:185:20)\n    at listOnTimeout (internal/timers.js:554:17)\n    at processTimers (internal/timers.js:497:7)","level":"error","timestamp":"2021-05-15T12:56:10.542Z"}
{"level":"info","message":"Server started on url http://localhost:5050","timestamp":"2021-05-15T13:03:19.669Z"}
{"message":"Could not connect to any servers in your MongoDB Atlas cluster. One common reason is that you're trying to access the database from an IP that isn't whitelisted. Make sure your current IP address is on your Atlas cluster's IP whitelist: https://docs.atlas.mongodb.com/security-whitelist/","stack":"MongooseServerSelectionError: Could not connect to any servers in your MongoDB Atlas cluster. One common reason is that you're trying to access the database from an IP that isn't whitelisted. Make sure your current IP address is on your Atlas cluster's IP whitelist: https://docs.atlas.mongodb.com/security-whitelist/\n    at NativeConnection.Connection.openUri (/Users/silicontechlab/Documents/Gajanan/node-js/nodeauthjwt/node_modules/mongoose/lib/connection.js:846:32)\n    at /Users/silicontechlab/Documents/Gajanan/node-js/nodeauthjwt/node_modules/mongoose/lib/index.js:351:10\n    at /Users/silicontechlab/Documents/Gajanan/node-js/nodeauthjwt/node_modules/mongoose/lib/helpers/promiseOrCallback.js:31:5\n    at new Promise (<anonymous>)\n    at promiseOrCallback (/Users/silicontechlab/Documents/Gajanan/node-js/nodeauthjwt/node_modules/mongoose/lib/helpers/promiseOrCallback.js:30:10)\n    at Mongoose._promiseOrCallback (/Users/silicontechlab/Documents/Gajanan/node-js/nodeauthjwt/node_modules/mongoose/lib/index.js:1149:10)\n    at Mongoose.connect (/Users/silicontechlab/Documents/Gajanan/node-js/nodeauthjwt/node_modules/mongoose/lib/index.js:350:20)\n    at module.exports (/Users/silicontechlab/Documents/Gajanan/node-js/nodeauthjwt/bootstrap/database.js:7:14)\n    at Object.<anonymous> (/Users/silicontechlab/Documents/Gajanan/node-js/nodeauthjwt/app.js:17:32)\n    at Module._compile (internal/modules/cjs/loader.js:1063:30)\n    at Object.Module._extensions..js (internal/modules/cjs/loader.js:1092:10)\n    at Module.load (internal/modules/cjs/loader.js:928:32)\n    at Function.Module._load (internal/modules/cjs/loader.js:769:14)\n    at Function.executeUserEntryPoint [as runMain] (internal/modules/run_main.js:72:12)\n    at internal/main/run_main_module.js:17:47","reason":{"type":"ReplicaSetNoPrimary","setName":null,"maxSetVersion":null,"maxElectionId":null,"servers":{},"stale":false,"compatible":true,"compatibilityError":null,"logicalSessionTimeoutMinutes":null,"heartbeatFrequencyMS":10000,"localThresholdMS":15,"commonWireVersion":null},"level":"error","timestamp":"2021-05-15T13:03:49.970Z"}
{"level":"info","message":"Server started on url http://localhost:5050","timestamp":"2021-05-15T13:06:07.888Z"}
{"level":"info","message":"Database connected..","timestamp":"2021-05-15T13:06:09.596Z"}
{"level":"info","message":"Server started on url http://localhost:5050","timestamp":"2021-05-15T13:07:26.889Z"}
{"level":"info","message":"Database connected..","timestamp":"2021-05-15T13:07:28.968Z"}
{"level":"info","message":"Server started on url http://localhost:5050","timestamp":"2021-05-15T13:21:44.452Z"}
{"level":"info","message":"Database connected..","timestamp":"2021-05-15T13:21:46.205Z"}
{"level":"info","message":"Server started on url http://localhost:5050","timestamp":"2021-05-15T13:22:02.203Z"}
{"level":"info","message":"Database connected..","timestamp":"2021-05-15T13:22:03.367Z"}
{"level":"info","message":"Server started on url http://localhost:5050","timestamp":"2021-05-15T13:28:29.615Z"}
{"level":"info","message":"Database connected..","timestamp":"2021-05-15T13:28:31.480Z"}
{"level":"info","message":"Server started on url http://localhost:5050","timestamp":"2021-05-15T13:28:46.170Z"}
{"level":"info","message":"Database connected..","timestamp":"2021-05-15T13:28:47.282Z"}
{"level":"info","message":"Server started on url http://localhost:5050","timestamp":"2021-05-15T13:30:10.736Z"}
{"level":"info","message":"Server started on url http://localhost:5050","timestamp":"2021-05-15T13:30:12.049Z"}
{"level":"info","message":"Database connected..","timestamp":"2021-05-15T13:30:13.177Z"}
{"level":"info","message":"Server started on url http://localhost:5050","timestamp":"2021-05-15T14:15:58.778Z"}
{"level":"info","message":"Database connected..","timestamp":"2021-05-15T14:16:00.157Z"}
{"level":"info","message":"Server started on url http://localhost:5050","timestamp":"2021-05-15T14:16:23.398Z"}
{"level":"info","message":"Database connected..","timestamp":"2021-05-15T14:16:24.579Z"}
{"level":"info","message":"Server started on url http://localhost:5050","timestamp":"2021-05-15T14:16:51.644Z"}
{"level":"info","message":"Database connected..","timestamp":"2021-05-15T14:16:52.742Z"}
{"level":"info","message":"Server started on url http://localhost:5050","timestamp":"2021-05-15T14:16:57.159Z"}
{"level":"info","message":"Database connected..","timestamp":"2021-05-15T14:16:58.291Z"}
{"message":"Could not connect to any servers in your MongoDB Atlas cluster. One common reason is that you're trying to access the database from an IP that isn't whitelisted. Make sure your current IP address is on your Atlas cluster's IP whitelist: https://docs.atlas.mongodb.com/security-whitelist/","stack":"MongooseServerSelectionError: Could not connect to any servers in your MongoDB Atlas cluster. One common reason is that you're trying to access the database from an IP that isn't whitelisted. Make sure your current IP address is on your Atlas cluster's IP whitelist: https://docs.atlas.mongodb.com/security-whitelist/\n    at Function.Model.$wrapCallback (/Users/silicontechlab/Documents/Gajanan/node-js/nodeauthjwt/node_modules/mongoose/lib/model.js:4858:32)\n    at /Users/silicontechlab/Documents/Gajanan/node-js/nodeauthjwt/node_modules/mongoose/lib/query.js:4478:21\n    at /Users/silicontechlab/Documents/Gajanan/node-js/nodeauthjwt/node_modules/mongoose/lib/helpers/promiseOrCallback.js:31:5\n    at new Promise (<anonymous>)\n    at promiseOrCallback (/Users/silicontechlab/Documents/Gajanan/node-js/nodeauthjwt/node_modules/mongoose/lib/helpers/promiseOrCallback.js:30:10)\n    at model.Query.exec (/Users/silicontechlab/Documents/Gajanan/node-js/nodeauthjwt/node_modules/mongoose/lib/query.js:4477:10)\n    at model.Query.Query.then (/Users/silicontechlab/Documents/Gajanan/node-js/nodeauthjwt/node_modules/mongoose/lib/query.js:4560:15)\n    at runMicrotasks (<anonymous>)\n    at processTicksAndRejections (internal/process/task_queues.js:93:5)","reason":{"type":"ReplicaSetNoPrimary","setName":"atlas-q9xngn-shard-0","maxSetVersion":1,"maxElectionId":"7fffffff000000000000000b","servers":{},"stale":false,"compatible":true,"compatibilityError":null,"logicalSessionTimeoutMinutes":null,"heartbeatFrequencyMS":10000,"localThresholdMS":15,"commonWireVersion":9},"level":"error","timestamp":"2021-05-15T20:26:13.619Z"}
{"level":"info","message":"Server started on url http://localhost:5050","timestamp":"2021-05-15T20:31:00.429Z"}
{"level":"info","message":"Database connected..","timestamp":"2021-05-15T20:31:01.744Z"}
{"level":"info","message":"Server started on url http://localhost:5050","timestamp":"2021-05-16T02:34:40.509Z"}
{"level":"info","message":"Database connected..","timestamp":"2021-05-16T02:34:41.493Z"}
{"level":"info","message":"Server started on url http://localhost:5050","timestamp":"2021-05-16T02:39:56.896Z"}
{"message":"querySrv ECONNREFUSED _mongodb._tcp.cluster0.amwoi.mongodb.net","stack":"Error: querySrv ECONNREFUSED _mongodb._tcp.cluster0.amwoi.mongodb.net\n    at QueryReqWrap.onresolve [as oncomplete] (dns.js:203:19)","code":"ECONNREFUSED","syscall":"querySrv","hostname":"_mongodb._tcp.cluster0.amwoi.mongodb.net","level":"error","timestamp":"2021-05-16T02:39:56.899Z"}
{"level":"info","message":"Server started on url http://localhost:5050","timestamp":"2021-05-16T02:40:18.143Z"}
{"message":"Could not connect to any servers in your MongoDB Atlas cluster. One common reason is that you're trying to access the database from an IP that isn't whitelisted. Make sure your current IP address is on your Atlas cluster's IP whitelist: https://docs.atlas.mongodb.com/security-whitelist/","stack":"MongooseServerSelectionError: Could not connect to any servers in your MongoDB Atlas cluster. One common reason is that you're trying to access the database from an IP that isn't whitelisted. Make sure your current IP address is on your Atlas cluster's IP whitelist: https://docs.atlas.mongodb.com/security-whitelist/\n    at NativeConnection.Connection.openUri (/Users/silicontechlab/Documents/Gajanan/node-js/nodeauthjwt/node_modules/mongoose/lib/connection.js:846:32)\n    at /Users/silicontechlab/Documents/Gajanan/node-js/nodeauthjwt/node_modules/mongoose/lib/index.js:351:10\n    at /Users/silicontechlab/Documents/Gajanan/node-js/nodeauthjwt/node_modules/mongoose/lib/helpers/promiseOrCallback.js:31:5\n    at new Promise (<anonymous>)\n    at promiseOrCallback (/Users/silicontechlab/Documents/Gajanan/node-js/nodeauthjwt/node_modules/mongoose/lib/helpers/promiseOrCallback.js:30:10)\n    at Mongoose._promiseOrCallback (/Users/silicontechlab/Documents/Gajanan/node-js/nodeauthjwt/node_modules/mongoose/lib/index.js:1149:10)\n    at Mongoose.connect (/Users/silicontechlab/Documents/Gajanan/node-js/nodeauthjwt/node_modules/mongoose/lib/index.js:350:20)\n    at module.exports (/Users/silicontechlab/Documents/Gajanan/node-js/nodeauthjwt/bootstrap/database.js:7:14)\n    at Object.<anonymous> (/Users/silicontechlab/Documents/Gajanan/node-js/nodeauthjwt/app.js:17:32)\n    at Module._compile (internal/modules/cjs/loader.js:1063:30)\n    at Object.Module._extensions..js (internal/modules/cjs/loader.js:1092:10)\n    at Module.load (internal/modules/cjs/loader.js:928:32)\n    at Function.Module._load (internal/modules/cjs/loader.js:769:14)\n    at Function.executeUserEntryPoint [as runMain] (internal/modules/run_main.js:72:12)\n    at internal/main/run_main_module.js:17:47","reason":{"type":"ReplicaSetNoPrimary","setName":null,"maxSetVersion":null,"maxElectionId":null,"servers":{},"stale":false,"compatible":true,"compatibilityError":null,"logicalSessionTimeoutMinutes":null,"heartbeatFrequencyMS":10000,"localThresholdMS":15,"commonWireVersion":null},"level":"error","timestamp":"2021-05-16T02:40:48.473Z"}
{"level":"info","message":"Server started on url http://localhost:5050","timestamp":"2021-05-16T02:43:07.904Z"}
{"level":"info","message":"Database connected..","timestamp":"2021-05-16T02:43:09.272Z"}
{"level":"info","message":"Server started on url http://localhost:5001","timestamp":"2021-05-16T02:59:25.846Z"}
{"message":"Could not connect to any servers in your MongoDB Atlas cluster. One common reason is that you're trying to access the database from an IP that isn't whitelisted. Make sure your current IP address is on your Atlas cluster's IP whitelist: https://docs.atlas.mongodb.com/security-whitelist/","stack":"MongooseServerSelectionError: Could not connect to any servers in your MongoDB Atlas cluster. One common reason is that you're trying to access the database from an IP that isn't whitelisted. Make sure your current IP address is on your Atlas cluster's IP whitelist: https://docs.atlas.mongodb.com/security-whitelist/\n    at NativeConnection.Connection.openUri (/Users/silicontechlab/Documents/manoranjan/LAB/TDCX/new/server/node_modules/mongoose/lib/connection.js:846:32)\n    at /Users/silicontechlab/Documents/manoranjan/LAB/TDCX/new/server/node_modules/mongoose/lib/index.js:351:10\n    at /Users/silicontechlab/Documents/manoranjan/LAB/TDCX/new/server/node_modules/mongoose/lib/helpers/promiseOrCallback.js:31:5\n    at new Promise (<anonymous>)\n    at promiseOrCallback (/Users/silicontechlab/Documents/manoranjan/LAB/TDCX/new/server/node_modules/mongoose/lib/helpers/promiseOrCallback.js:30:10)\n    at Mongoose._promiseOrCallback (/Users/silicontechlab/Documents/manoranjan/LAB/TDCX/new/server/node_modules/mongoose/lib/index.js:1149:10)\n    at Mongoose.connect (/Users/silicontechlab/Documents/manoranjan/LAB/TDCX/new/server/node_modules/mongoose/lib/index.js:350:20)\n    at module.exports (/Users/silicontechlab/Documents/manoranjan/LAB/TDCX/new/server/bootstrap/database.js:7:14)\n    at Object.<anonymous> (/Users/silicontechlab/Documents/manoranjan/LAB/TDCX/new/server/main.js:17:32)\n    at Module._compile (internal/modules/cjs/loader.js:1063:30)\n    at Object.Module._extensions..js (internal/modules/cjs/loader.js:1092:10)\n    at Module.load (internal/modules/cjs/loader.js:928:32)\n    at Function.Module._load (internal/modules/cjs/loader.js:769:14)\n    at Function.executeUserEntryPoint [as runMain] (internal/modules/run_main.js:72:12)\n    at internal/main/run_main_module.js:17:47","reason":{"type":"ReplicaSetNoPrimary","setName":null,"maxSetVersion":null,"maxElectionId":null,"servers":{},"stale":false,"compatible":true,"compatibilityError":null,"logicalSessionTimeoutMinutes":null,"heartbeatFrequencyMS":10000,"localThresholdMS":15,"commonWireVersion":null},"level":"error","timestamp":"2021-05-16T02:59:56.132Z"}
{"level":"info","message":"Server started on url http://localhost:5001","timestamp":"2021-05-16T03:04:42.380Z"}
{"level":"info","message":"Database connected..","timestamp":"2021-05-16T03:04:52.820Z"}
{"level":"info","message":"Server started on url http://localhost:5001","timestamp":"2021-05-16T03:11:47.866Z"}
{"level":"info","message":"Server started on url http://localhost:5001","timestamp":"2021-05-16T03:12:02.898Z"}
{"level":"info","message":"Database connected..","timestamp":"2021-05-16T03:12:09.358Z"}
